<?xml version="1.0" encoding="UTF-8"?>
<!-- Generated by org.testng.reporters.JUnitReportReporter -->
<testsuite hostname="LAPTOP-T6I3BM2I" failures="0" tests="1" name="com.e_learingproject.testcases.TestDemo" time="11.768" errors="0" timestamp="2024-07-27T12:54:04 IST" skipped="0">
  <testcase classname="com.e_learingproject.testcases.TestDemo" name="testCheck" time="11.768"/>
</testsuite> <!-- com.e_learingproject.testcases.TestDemo -->
