<?xml version="1.0" encoding="UTF-8"?>
<!-- Generated by org.testng.reporters.JUnitReportReporter -->
<testsuite hostname="LAPTOP-T6I3BM2I" failures="0" tests="1" name="com.e_learingproject.testcases.SerachTestCase" time="7.925" errors="0" timestamp="2024-07-27T14:34:22 IST" skipped="0">
  <testcase classname="com.e_learingproject.testcases.SerachTestCase" name="searchCourseTesr" time="7.925"/>
</testsuite> <!-- com.e_learingproject.testcases.SerachTestCase -->
